<<<<<<< Updated upstream
﻿  CommandQueue.cpp
  ConstantBuffer.cpp
  DepthStencilBuffer.cpp
  Engine.cpp
  EnginePch.cpp
  Material.cpp
  Mesh.cpp
  MeshRenderer.cpp
  RootSignature.cpp
  Shader.cpp
  TableDescriptorHeap.cpp
  Texture.cpp
  코드를 생성하고 있습니다...
  Engine.vcxproj -> D:\Cpp\DirectX12\3_Input\Output\Engine.lib
=======
﻿  Camera.cpp
  CommandQueue.cpp
  ConstantBuffer.cpp
  DepthStencilBuffer.cpp
  Engine.cpp
  EngineGUI.cpp
D:\Cpp\DirectX12\6_Resources\Engine\EngineGUI.cpp(30,41): warning C4244: '=': 'const int32'에서 'float'(으)로 변환하면서 데이터가 손실될 수 있습니다.
D:\Cpp\DirectX12\6_Resources\Engine\EngineGUI.cpp(31,41): warning C4244: '=': 'const int32'에서 'float'(으)로 변환하면서 데이터가 손실될 수 있습니다.
  EnginePch.cpp
  GameObject.cpp
  Material.cpp
  Mesh.cpp
  Resources.cpp
  RootSignature.cpp
  Scene.cpp
  SceneManager.cpp
  Shader.cpp
  TableDescriptorHeap.cpp
  Texture.cpp
  Transform.cpp
  코드를 생성하고 있습니다...
  Engine.vcxproj -> D:\Cpp\DirectX12\6_Resources\Output\Engine.lib
>>>>>>> Stashed changes
